<?xml version="1.0" encoding="UTF-8"?>
<testng-results ignored="0" total="1" passed="1" failed="0" skipped="0">
  <reporter-output>
  </reporter-output>
  <suite started-at="2023-03-23T13:42:06 IST" name="Default suite" finished-at="2023-03-23T13:43:42 IST" duration-ms="95826">
    <groups>
      <group name="cucumber">
        <method signature="AbstractTestNGCucumberTests.runScenario(io.cucumber.testng.PickleWrapper,io.cucumber.testng.FeatureWrapper)[pri:0, instance:Runner.PracticeRunner@576d5deb]" name="runScenario" class="io.cucumber.testng.AbstractTestNGCucumberTests"/>
      </group> <!-- cucumber -->
    </groups>
    <test started-at="2023-03-23T13:42:06 IST" name="Default test" finished-at="2023-03-23T13:43:42 IST" duration-ms="95826">
      <class name="Runner.PracticeRunner">
        <test-method is-config="true" signature="setUpClass(org.testng.ITestContext)[pri:0, instance:Runner.PracticeRunner@576d5deb]" started-at="2023-03-23T13:42:06 IST" name="setUpClass" finished-at="2023-03-23T13:42:08 IST" duration-ms="1532" status="PASS">
          <params>
            <param index="0">
              <value>
                <![CDATA[org.testng.TestRunner@50598a1a]]>
              </value>
            </param>
          </params>
          <reporter-output>
          </reporter-output>
        </test-method> <!-- setUpClass -->
        <test-method signature="runScenario(io.cucumber.testng.PickleWrapper,io.cucumber.testng.FeatureWrapper)[pri:0, instance:Runner.PracticeRunner@576d5deb]" started-at="2023-03-23T13:42:08 IST" name="runScenario" description="Runs Cucumber Scenarios" data-provider="scenarios" finished-at="2023-03-23T13:43:40 IST" duration-ms="92438" status="PASS">
          <params>
            <param index="0">
              <value>
                <![CDATA["ordering radio button"]]>
              </value>
            </param>
            <param index="1">
              <value>
                <![CDATA["Radio Button Example"]]>
              </value>
            </param>
          </params>
          <reporter-output>
          </reporter-output>
        </test-method> <!-- runScenario -->
        <test-method is-config="true" signature="tearDownClass()[pri:0, instance:Runner.PracticeRunner@576d5deb]" started-at="2023-03-23T13:43:40 IST" name="tearDownClass" finished-at="2023-03-23T13:43:42 IST" duration-ms="1782" status="PASS">
          <reporter-output>
          </reporter-output>
        </test-method> <!-- tearDownClass -->
      </class> <!-- Runner.PracticeRunner -->
    </test> <!-- Default test -->
  </suite> <!-- Default suite -->
</testng-results>
